
		##### NEW RUN #####
2021-02-15
1 ETL configuration files.

		##### NEW RUN #####
2021-02-15
1 ETL configuration files. 
Using: H1_etl_config.json.
Reading inferences from /Users/maggie/Documents/Github/LogisticRegression_HPDmobile/raw_data_files/H1_RS4_prob.csv
Creating data with a lag of 8 hours.
30 days, 1 continuous period(s) 
['2019-11-26', '2019-11-27', '2019-11-28', '2019-11-29', '2019-11-30', '2019-12-01', '2019-12-02', '2019-12-03', '2019-12-04', '2019-12-05', '2019-12-06', '2019-12-07', '2019-12-08', '2019-12-09', '2019-12-10', '2019-12-11', '2019-12-12', '2019-12-13', '2019-12-14', '2019-12-15', '2019-12-16', '2019-12-17', '2019-12-18', '2019-12-19', '2019-12-20', '2019-12-21', '2019-12-22', '2019-12-23', '2019-12-24', '2019-12-25']

		##### NEW RUN #####
2021-02-15
1 ETL configuration files. 
Using: H1_etl_config.json.
Reading inferences from /Users/maggie/Documents/Github/LogisticRegression_HPDmobile/raw_data_files/H1_RS4_prob.csv
Creating data with a lag of 8 hours.
30 days, 1 continuous period(s) 
['2019-11-26', '2019-11-27', '2019-11-28', '2019-11-29', '2019-11-30', '2019-12-01', '2019-12-02', '2019-12-03', '2019-12-04', '2019-12-05', '2019-12-06', '2019-12-07', '2019-12-08', '2019-12-09', '2019-12-10', '2019-12-11', '2019-12-12', '2019-12-13', '2019-12-14', '2019-12-15', '2019-12-16', '2019-12-17', '2019-12-18', '2019-12-19', '2019-12-20', '2019-12-21', '2019-12-22', '2019-12-23', '2019-12-24', '2019-12-25']

		##### NEW RUN #####
2021-02-15

		##### NEW RUN #####
2021-02-15
1 ETL configuration files. 
Using: H1_etl_config.json.
Reading inferences from /Users/maggie/Documents/Github/LogisticRegression_HPDmobile/raw_data_files/H1_RS4_prob.csv
Creating data with a lag of 8 hours.
30 days, 1 continuous period(s) 
['2019-11-26', '2019-11-27', '2019-11-28', '2019-11-29', '2019-11-30', '2019-12-01', '2019-12-02', '2019-12-03', '2019-12-04', '2019-12-05', '2019-12-06', '2019-12-07', '2019-12-08', '2019-12-09', '2019-12-10', '2019-12-11', '2019-12-12', '2019-12-13', '2019-12-14', '2019-12-15', '2019-12-16', '2019-12-17', '2019-12-18', '2019-12-19', '2019-12-20', '2019-12-21', '2019-12-22', '2019-12-23', '2019-12-24', '2019-12-25']

		##### NEW RUN #####
2021-02-15
1 ETL configuration files. 
Using: H1_etl_config.json.
Reading inferences from /Users/maggie/Documents/Github/LogisticRegression_HPDmobile/raw_data_files/H1_RS4_prob.csv
Creating data with a lag of 8 hours.
30 days, 1 continuous period(s) 
['2019-11-26', '2019-11-27', '2019-11-28', '2019-11-29', '2019-11-30', '2019-12-01', '2019-12-02', '2019-12-03', '2019-12-04', '2019-12-05', '2019-12-06', '2019-12-07', '2019-12-08', '2019-12-09', '2019-12-10', '2019-12-11', '2019-12-12', '2019-12-13', '2019-12-14', '2019-12-15', '2019-12-16', '2019-12-17', '2019-12-18', '2019-12-19', '2019-12-20', '2019-12-21', '2019-12-22', '2019-12-23', '2019-12-24', '2019-12-25']

		##### NEW RUN #####
2021-02-15

		##### NEW RUN #####
2021-02-15

		##### NEW RUN #####
2021-02-15
1 ETL configuration files. 
Using: H1_etl_config.json.
Reading inferences from /Users/maggie/Documents/Github/LogisticRegression_HPDmobile/raw_data_files/H1_RS4_prob.csv
Creating data with a lag of 8 hours.
30 days, 1 continuous period(s) 
['2019-11-26', '2019-11-27', '2019-11-28', '2019-11-29', '2019-11-30', '2019-12-01', '2019-12-02', '2019-12-03', '2019-12-04', '2019-12-05', '2019-12-06', '2019-12-07', '2019-12-08', '2019-12-09', '2019-12-10', '2019-12-11', '2019-12-12', '2019-12-13', '2019-12-14', '2019-12-15', '2019-12-16', '2019-12-17', '2019-12-18', '2019-12-19', '2019-12-20', '2019-12-21', '2019-12-22', '2019-12-23', '2019-12-24', '2019-12-25']

		##### NEW RUN #####
2021-02-15
1 ETL configuration file(s). 
Using: H1_etl_config.json.
Reading inferences from /Users/maggie/Documents/Github/LogisticRegression_HPDmobile/raw_data_files/H1_RS4_prob.csv
Creating data with a lag of 8 hours.
30 days, 1 continuous period(s) 
['2019-11-26', '2019-11-27', '2019-11-28', '2019-11-29', '2019-11-30', '2019-12-01', '2019-12-02', '2019-12-03', '2019-12-04', '2019-12-05', '2019-12-06', '2019-12-07', '2019-12-08', '2019-12-09', '2019-12-10', '2019-12-11', '2019-12-12', '2019-12-13', '2019-12-14', '2019-12-15', '2019-12-16', '2019-12-17', '2019-12-18', '2019-12-19', '2019-12-20', '2019-12-21', '2019-12-22', '2019-12-23', '2019-12-24', '2019-12-25']

		##### NEW RUN #####
2021-02-15
1 ETL configuration file(s). 
Using: H1_etl_config.json.
Reading inferences from /Users/maggie/Documents/Github/LogisticRegression_HPDmobile/raw_data_files/H1_RS4_prob.csv
Creating data with a lag of 8 hours.
30 days, 1 continuous period(s) 
['2019-11-26', '2019-11-27', '2019-11-28', '2019-11-29', '2019-11-30', '2019-12-01', '2019-12-02', '2019-12-03', '2019-12-04', '2019-12-05', '2019-12-06', '2019-12-07', '2019-12-08', '2019-12-09', '2019-12-10', '2019-12-11', '2019-12-12', '2019-12-13', '2019-12-14', '2019-12-15', '2019-12-16', '2019-12-17', '2019-12-18', '2019-12-19', '2019-12-20', '2019-12-21', '2019-12-22', '2019-12-23', '2019-12-24', '2019-12-25']

		##### NEW RUN #####
2021-02-15
1 ETL configuration file(s). 
Using: H1_etl_config.json.
Reading inferences from /Users/maggie/Documents/Github/LogisticRegression_HPDmobile/raw_data_files/H1_RS4_prob.csv
Creating data with a lag of 8 hours.
30 days, 1 continuous period(s) 
['2019-11-26', '2019-11-27', '2019-11-28', '2019-11-29', '2019-11-30', '2019-12-01', '2019-12-02', '2019-12-03', '2019-12-04', '2019-12-05', '2019-12-06', '2019-12-07', '2019-12-08', '2019-12-09', '2019-12-10', '2019-12-11', '2019-12-12', '2019-12-13', '2019-12-14', '2019-12-15', '2019-12-16', '2019-12-17', '2019-12-18', '2019-12-19', '2019-12-20', '2019-12-21', '2019-12-22', '2019-12-23', '2019-12-24', '2019-12-25']
Training data: 20

		##### NEW RUN #####
2021-02-15
1 ETL configuration file(s). 
Using: H1_etl_config.json.
Reading inferences from /Users/maggie/Documents/Github/LogisticRegression_HPDmobile/raw_data_files/H1_RS4_prob.csv
Creating data with a lag of 8 hours.
30 days, 1 continuous period(s) 
['2019-11-26', '2019-11-27', '2019-11-28', '2019-11-29', '2019-11-30', '2019-12-01', '2019-12-02', '2019-12-03', '2019-12-04', '2019-12-05', '2019-12-06', '2019-12-07', '2019-12-08', '2019-12-09', '2019-12-10', '2019-12-11', '2019-12-12', '2019-12-13', '2019-12-14', '2019-12-15', '2019-12-16', '2019-12-17', '2019-12-18', '2019-12-19', '2019-12-20', '2019-12-21', '2019-12-22', '2019-12-23', '2019-12-24', '2019-12-25']
Training data: 20 days with 5760 datapoints.

		##### NEW RUN #####
2021-02-15
1 ETL configuration file(s). 
Using: H1_etl_config.json.
Reading inferences from /Users/maggie/Documents/Github/LogisticRegression_HPDmobile/raw_data_files/H1_RS4_prob.csv
Creating data with a lag of 8 hours.
30 days, 1 continuous period(s) 
['2019-11-26', '2019-11-27', '2019-11-28', '2019-11-29', '2019-11-30', '2019-12-01', '2019-12-02', '2019-12-03', '2019-12-04', '2019-12-05', '2019-12-06', '2019-12-07', '2019-12-08', '2019-12-09', '2019-12-10', '2019-12-11', '2019-12-12', '2019-12-13', '2019-12-14', '2019-12-15', '2019-12-16', '2019-12-17', '2019-12-18', '2019-12-19', '2019-12-20', '2019-12-21', '2019-12-22', '2019-12-23', '2019-12-24', '2019-12-25']
Training data: 20 days with 5760 datapoints.
Testing data: 10 days with 2880 datapoints.
